<?xml version="1.0" encoding="UTF-8"?>
<robot generator="Robot 5.0 (Python 3.10.2 on win32)" generated="20220419 19:49:13.380" rpa="false" schemaversion="3">
<suite id="s1" name="App" source="C:\Users\ELCOT\PycharmProjects\Ecommerce-RobotFramework\Tests\Onestop\FunctionalTestSuite\App.robot">
<test id="s1-t1" name="User Registration Test" line="8">
<kw name="Open Browser" library="SeleniumLibrary">
<arg>${web_url}</arg>
<arg>chrome</arg>
<doc>Opens a new browser instance to the optional ``url``.</doc>
<msg timestamp="20220419 19:49:14.081" level="INFO">Opening browser 'chrome' to base url 'http://127.0.0.1:5000'.</msg>
<status status="PASS" starttime="20220419 19:49:14.081" endtime="20220419 19:49:31.116"/>
</kw>
<kw name="Maximize Browser Window" library="SeleniumLibrary">
<doc>Maximizes current browser window.</doc>
<status status="PASS" starttime="20220419 19:49:31.125" endtime="20220419 19:49:31.377"/>
</kw>
<kw name="Sleep" library="BuiltIn">
<arg>1s</arg>
<doc>Pauses the test executed for the given time.</doc>
<msg timestamp="20220419 19:49:32.383" level="INFO">Slept 1 second</msg>
<status status="PASS" starttime="20220419 19:49:31.378" endtime="20220419 19:49:32.383"/>
</kw>
<kw name="Execute Javascript" library="SeleniumLibrary">
<arg>window.scrollTo(0,400)</arg>
<doc>Executes the given JavaScript code with possible arguments.</doc>
<msg timestamp="20220419 19:49:32.385" level="INFO">Executing JavaScript:
window.scrollTo(0,400)
Without any arguments.</msg>
<status status="PASS" starttime="20220419 19:49:32.384" endtime="20220419 19:49:32.474"/>
</kw>
<kw name="Click Element" library="SeleniumLibrary">
<arg>Xpath:/html/body/section/div/div/div[2]/div[3]/div/form/div/center[2]/p/a</arg>
<doc>Click the element identified by ``locator``.</doc>
<msg timestamp="20220419 19:49:32.475" level="INFO">Clicking element 'Xpath:/html/body/section/div/div/div[2]/div[3]/div/form/div/center[2]/p/a'.</msg>
<status status="PASS" starttime="20220419 19:49:32.474" endtime="20220419 19:49:33.650"/>
</kw>
<kw name="Test name">
<kw name="Input Text" library="SeleniumLibrary">
<arg>name:name</arg>
<arg>Dhanush</arg>
<doc>Types the given ``text`` into the text field identified by ``locator``.</doc>
<msg timestamp="20220419 19:49:33.653" level="INFO">Typing text 'Dhanush' into text field 'name:name'.</msg>
<status status="PASS" starttime="20220419 19:49:33.652" endtime="20220419 19:49:34.250"/>
</kw>
<status status="PASS" starttime="20220419 19:49:33.651" endtime="20220419 19:49:34.250"/>
</kw>
<kw name="Sleep" library="BuiltIn">
<arg>1s</arg>
<doc>Pauses the test executed for the given time.</doc>
<msg timestamp="20220419 19:49:35.264" level="INFO">Slept 1 second</msg>
<status status="PASS" starttime="20220419 19:49:34.251" endtime="20220419 19:49:35.264"/>
</kw>
<kw name="Test user age">
<kw name="Input Text" library="SeleniumLibrary">
<arg>name:age</arg>
<arg>20</arg>
<doc>Types the given ``text`` into the text field identified by ``locator``.</doc>
<msg timestamp="20220419 19:49:35.266" level="INFO">Typing text '20' into text field 'name:age'.</msg>
<status status="PASS" starttime="20220419 19:49:35.265" endtime="20220419 19:49:35.528"/>
</kw>
<status status="PASS" starttime="20220419 19:49:35.265" endtime="20220419 19:49:35.529"/>
</kw>
<kw name="Sleep" library="BuiltIn">
<arg>1s</arg>
<doc>Pauses the test executed for the given time.</doc>
<msg timestamp="20220419 19:49:36.540" level="INFO">Slept 1 second</msg>
<status status="PASS" starttime="20220419 19:49:35.530" endtime="20220419 19:49:36.540"/>
</kw>
<kw name="Test user gender">
<kw name="Click Element" library="SeleniumLibrary">
<arg>Xpath:/html/body/section/div/div/div/div/div/div[2]/div/form/table/tbody/tr[3]/td[2]/div/select</arg>
<doc>Click the element identified by ``locator``.</doc>
<msg timestamp="20220419 19:49:36.542" level="INFO">Clicking element 'Xpath:/html/body/section/div/div/div/div/div/div[2]/div/form/table/tbody/tr[3]/td[2]/div/select'.</msg>
<status status="PASS" starttime="20220419 19:49:36.541" endtime="20220419 19:49:36.749"/>
</kw>
<status status="PASS" starttime="20220419 19:49:36.541" endtime="20220419 19:49:36.749"/>
</kw>
<kw name="Sleep" library="BuiltIn">
<arg>1s</arg>
<doc>Pauses the test executed for the given time.</doc>
<msg timestamp="20220419 19:49:37.765" level="INFO">Slept 1 second</msg>
<status status="PASS" starttime="20220419 19:49:36.750" endtime="20220419 19:49:37.765"/>
</kw>
<kw name="Test select">
<kw name="Click Element" library="SeleniumLibrary">
<arg>Xpath:/html/body/section/div/div/div/div/div/div[2]/div/form/table/tbody/tr[3]/td[2]/div/select/option[2]</arg>
<doc>Click the element identified by ``locator``.</doc>
<msg timestamp="20220419 19:49:37.768" level="INFO">Clicking element 'Xpath:/html/body/section/div/div/div/div/div/div[2]/div/form/table/tbody/tr[3]/td[2]/div/select/option[2]'.</msg>
<status status="PASS" starttime="20220419 19:49:37.767" endtime="20220419 19:49:37.873"/>
</kw>
<status status="PASS" starttime="20220419 19:49:37.766" endtime="20220419 19:49:37.874"/>
</kw>
<kw name="Sleep" library="BuiltIn">
<arg>1s</arg>
<doc>Pauses the test executed for the given time.</doc>
<msg timestamp="20220419 19:49:38.880" level="INFO">Slept 1 second</msg>
<status status="PASS" starttime="20220419 19:49:37.874" endtime="20220419 19:49:38.880"/>
</kw>
<kw name="Execute Javascript" library="SeleniumLibrary">
<arg>window.scrollTo(0,900)</arg>
<doc>Executes the given JavaScript code with possible arguments.</doc>
<msg timestamp="20220419 19:49:38.882" level="INFO">Executing JavaScript:
window.scrollTo(0,900)
Without any arguments.</msg>
<status status="PASS" starttime="20220419 19:49:38.882" endtime="20220419 19:49:38.891"/>
</kw>
<kw name="Sleep" library="BuiltIn">
<arg>1s</arg>
<doc>Pauses the test executed for the given time.</doc>
<msg timestamp="20220419 19:49:39.902" level="INFO">Slept 1 second</msg>
<status status="PASS" starttime="20220419 19:49:38.891" endtime="20220419 19:49:39.902"/>
</kw>
<kw name="Test user address">
<kw name="Input Text" library="SeleniumLibrary">
<arg>name:add</arg>
<arg>Hosur</arg>
<doc>Types the given ``text`` into the text field identified by ``locator``.</doc>
<msg timestamp="20220419 19:49:39.906" level="INFO">Typing text 'Hosur' into text field 'name:add'.</msg>
<status status="PASS" starttime="20220419 19:49:39.906" endtime="20220419 19:49:40.148"/>
</kw>
<status status="PASS" starttime="20220419 19:49:39.903" endtime="20220419 19:49:40.149"/>
</kw>
<kw name="Sleep" library="BuiltIn">
<arg>1s</arg>
<doc>Pauses the test executed for the given time.</doc>
<msg timestamp="20220419 19:49:41.155" level="INFO">Slept 1 second</msg>
<status status="PASS" starttime="20220419 19:49:40.152" endtime="20220419 19:49:41.155"/>
</kw>
<kw name="Test email">
<kw name="Input Text" library="SeleniumLibrary">
<arg>name:email</arg>
<arg>3dhanushkccd@gmail.com</arg>
<doc>Types the given ``text`` into the text field identified by ``locator``.</doc>
<msg timestamp="20220419 19:49:41.159" level="INFO">Typing text '3dhanushkccd@gmail.com' into text field 'name:email'.</msg>
<status status="PASS" starttime="20220419 19:49:41.158" endtime="20220419 19:49:41.502"/>
</kw>
<status status="PASS" starttime="20220419 19:49:41.158" endtime="20220419 19:49:41.502"/>
</kw>
<kw name="Sleep" library="BuiltIn">
<arg>1s</arg>
<doc>Pauses the test executed for the given time.</doc>
<msg timestamp="20220419 19:49:42.517" level="INFO">Slept 1 second</msg>
<status status="PASS" starttime="20220419 19:49:41.508" endtime="20220419 19:49:42.517"/>
</kw>
<kw name="Test phone">
<kw name="Input Text" library="SeleniumLibrary">
<arg>name:pno</arg>
<arg>9361428388</arg>
<doc>Types the given ``text`` into the text field identified by ``locator``.</doc>
<msg timestamp="20220419 19:49:42.520" level="INFO">Typing text '9361428388' into text field 'name:pno'.</msg>
<status status="PASS" starttime="20220419 19:49:42.520" endtime="20220419 19:49:42.802"/>
</kw>
<status status="PASS" starttime="20220419 19:49:42.519" endtime="20220419 19:49:42.802"/>
</kw>
<kw name="Sleep" library="BuiltIn">
<arg>1s</arg>
<doc>Pauses the test executed for the given time.</doc>
<msg timestamp="20220419 19:49:43.819" level="INFO">Slept 1 second</msg>
<status status="PASS" starttime="20220419 19:49:42.813" endtime="20220419 19:49:43.819"/>
</kw>
<kw name="Test password">
<kw name="Input Text" library="SeleniumLibrary">
<arg>name:pass</arg>
<arg>12345</arg>
<doc>Types the given ``text`` into the text field identified by ``locator``.</doc>
<msg timestamp="20220419 19:49:43.821" level="INFO">Typing text '12345' into text field 'name:pass'.</msg>
<status status="PASS" starttime="20220419 19:49:43.821" endtime="20220419 19:49:44.050"/>
</kw>
<status status="PASS" starttime="20220419 19:49:43.820" endtime="20220419 19:49:44.050"/>
</kw>
<kw name="Sleep" library="BuiltIn">
<arg>1s</arg>
<doc>Pauses the test executed for the given time.</doc>
<msg timestamp="20220419 19:49:45.061" level="INFO">Slept 1 second</msg>
<status status="PASS" starttime="20220419 19:49:44.052" endtime="20220419 19:49:45.061"/>
</kw>
<kw name="Click Button" library="SeleniumLibrary">
<arg>Xpath:/html/body/section/div/div/div/div/div/div[2]/div/form/center/button</arg>
<doc>Clicks the button identified by ``locator``.</doc>
<msg timestamp="20220419 19:49:45.063" level="INFO">Clicking button 'Xpath:/html/body/section/div/div/div/div/div/div[2]/div/form/center/button'.</msg>
<status status="PASS" starttime="20220419 19:49:45.063" endtime="20220419 19:49:46.351"/>
</kw>
<kw name="Sleep" library="BuiltIn">
<arg>4s</arg>
<doc>Pauses the test executed for the given time.</doc>
<msg timestamp="20220419 19:49:50.378" level="INFO">Slept 4 seconds</msg>
<status status="PASS" starttime="20220419 19:49:46.352" endtime="20220419 19:49:50.378"/>
</kw>
<kw name="Close Browser" library="SeleniumLibrary">
<doc>Closes the current browser.</doc>
<status status="PASS" starttime="20220419 19:49:50.379" endtime="20220419 19:49:54.998"/>
</kw>
<doc>these is for user registration test</doc>
<tag>User</tag>
<status status="PASS" starttime="20220419 19:49:14.079" endtime="20220419 19:49:55.001"/>
</test>
<status status="PASS" starttime="20220419 19:49:13.401" endtime="20220419 19:49:55.012"/>
</suite>
<statistics>
<total>
<stat pass="1" fail="0" skip="0">All Tests</stat>
</total>
<tag>
<stat pass="1" fail="0" skip="0">User</stat>
</tag>
<suite>
<stat pass="1" fail="0" skip="0" id="s1" name="App">App</stat>
</suite>
</statistics>
<errors>
</errors>
</robot>
