<?xml version="1.0" encoding="UTF-8"?>
<robot generator="Robot 5.0 (Python 3.10.2 on win32)" generated="20220420 11:13:24.579" rpa="false" schemaversion="3">
<suite id="s1" name="App" source="C:\Users\ELCOT\PycharmProjects\Ecommerce-RobotFramework\Tests\Onestop\FunctionalTestSuite\App.robot">
<test id="s1-t1" name="User Registration Test" line="8">
<kw name="Open Browser" library="SeleniumLibrary">
<arg>${web_url}</arg>
<arg>chrome</arg>
<doc>Opens a new browser instance to the optional ``url``.</doc>
<msg timestamp="20220420 11:13:32.261" level="INFO">Opening browser 'chrome' to base url 'http://127.0.0.1:5000'.</msg>
<status status="PASS" starttime="20220420 11:13:32.260" endtime="20220420 11:13:49.823"/>
</kw>
<kw name="Maximize Browser Window" library="SeleniumLibrary">
<doc>Maximizes current browser window.</doc>
<status status="PASS" starttime="20220420 11:13:49.954" endtime="20220420 11:13:50.435"/>
</kw>
<kw name="Sleep" library="BuiltIn">
<arg>1s</arg>
<doc>Pauses the test executed for the given time.</doc>
<msg timestamp="20220420 11:13:51.440" level="INFO">Slept 1 second</msg>
<status status="PASS" starttime="20220420 11:13:50.439" endtime="20220420 11:13:51.440"/>
</kw>
<kw name="Execute Javascript" library="SeleniumLibrary">
<arg>window.scrollTo(0,400)</arg>
<doc>Executes the given JavaScript code with possible arguments.</doc>
<msg timestamp="20220420 11:13:51.444" level="INFO">Executing JavaScript:
window.scrollTo(0,400)
Without any arguments.</msg>
<status status="PASS" starttime="20220420 11:13:51.441" endtime="20220420 11:13:51.548"/>
</kw>
<kw name="Click Element" library="SeleniumLibrary">
<arg>Xpath:/html/body/section/div/div/div[2]/div[3]/div/form/div/center[2]/p/a</arg>
<doc>Click the element identified by ``locator``.</doc>
<msg timestamp="20220420 11:13:51.582" level="INFO">Clicking element 'Xpath:/html/body/section/div/div/div[2]/div[3]/div/form/div/center[2]/p/a'.</msg>
<status status="PASS" starttime="20220420 11:13:51.580" endtime="20220420 11:13:54.805"/>
</kw>
<kw name="Test name">
<kw name="Input Text" library="SeleniumLibrary">
<arg>name:name</arg>
<arg>Dhanush</arg>
<doc>Types the given ``text`` into the text field identified by ``locator``.</doc>
<msg timestamp="20220420 11:13:54.816" level="INFO">Typing text 'Dhanush' into text field 'name:name'.</msg>
<status status="PASS" starttime="20220420 11:13:54.812" endtime="20220420 11:13:55.804"/>
</kw>
<status status="PASS" starttime="20220420 11:13:54.811" endtime="20220420 11:13:55.804"/>
</kw>
<kw name="Sleep" library="BuiltIn">
<arg>1s</arg>
<doc>Pauses the test executed for the given time.</doc>
<msg timestamp="20220420 11:13:56.832" level="INFO">Slept 1 second</msg>
<status status="PASS" starttime="20220420 11:13:55.821" endtime="20220420 11:13:56.832"/>
</kw>
<kw name="Test user age">
<kw name="Input Text" library="SeleniumLibrary">
<arg>name:age</arg>
<arg>20</arg>
<doc>Types the given ``text`` into the text field identified by ``locator``.</doc>
<msg timestamp="20220420 11:13:56.835" level="INFO">Typing text '20' into text field 'name:age'.</msg>
<status status="PASS" starttime="20220420 11:13:56.835" endtime="20220420 11:13:57.121"/>
</kw>
<status status="PASS" starttime="20220420 11:13:56.834" endtime="20220420 11:13:57.122"/>
</kw>
<kw name="Sleep" library="BuiltIn">
<arg>1s</arg>
<doc>Pauses the test executed for the given time.</doc>
<msg timestamp="20220420 11:13:58.136" level="INFO">Slept 1 second</msg>
<status status="PASS" starttime="20220420 11:13:57.129" endtime="20220420 11:13:58.136"/>
</kw>
<kw name="Test user gender">
<kw name="Click Element" library="SeleniumLibrary">
<arg>Xpath:/html/body/section/div/div/div/div/div/div[2]/div/form/table/tbody/tr[3]/td[2]/div/select</arg>
<doc>Click the element identified by ``locator``.</doc>
<msg timestamp="20220420 11:13:58.141" level="INFO">Clicking element 'Xpath:/html/body/section/div/div/div/div/div/div[2]/div/form/table/tbody/tr[3]/td[2]/div/select'.</msg>
<status status="PASS" starttime="20220420 11:13:58.140" endtime="20220420 11:14:00.046"/>
</kw>
<status status="PASS" starttime="20220420 11:13:58.139" endtime="20220420 11:14:00.046"/>
</kw>
<kw name="Sleep" library="BuiltIn">
<arg>1s</arg>
<doc>Pauses the test executed for the given time.</doc>
<msg timestamp="20220420 11:14:01.065" level="INFO">Slept 1 second</msg>
<status status="PASS" starttime="20220420 11:14:00.053" endtime="20220420 11:14:01.065"/>
</kw>
<kw name="Test select">
<kw name="Click Element" library="SeleniumLibrary">
<arg>Xpath:/html/body/section/div/div/div/div/div/div[2]/div/form/table/tbody/tr[3]/td[2]/div/select/option[2]</arg>
<doc>Click the element identified by ``locator``.</doc>
<msg timestamp="20220420 11:14:01.067" level="INFO">Clicking element 'Xpath:/html/body/section/div/div/div/div/div/div[2]/div/form/table/tbody/tr[3]/td[2]/div/select/option[2]'.</msg>
<status status="PASS" starttime="20220420 11:14:01.066" endtime="20220420 11:14:01.234"/>
</kw>
<status status="PASS" starttime="20220420 11:14:01.066" endtime="20220420 11:14:01.234"/>
</kw>
<kw name="Sleep" library="BuiltIn">
<arg>1s</arg>
<doc>Pauses the test executed for the given time.</doc>
<msg timestamp="20220420 11:14:02.237" level="INFO">Slept 1 second</msg>
<status status="PASS" starttime="20220420 11:14:01.235" endtime="20220420 11:14:02.237"/>
</kw>
<kw name="Execute Javascript" library="SeleniumLibrary">
<arg>window.scrollTo(0,900)</arg>
<doc>Executes the given JavaScript code with possible arguments.</doc>
<msg timestamp="20220420 11:14:02.240" level="INFO">Executing JavaScript:
window.scrollTo(0,900)
Without any arguments.</msg>
<status status="PASS" starttime="20220420 11:14:02.239" endtime="20220420 11:14:02.249"/>
</kw>
<kw name="Sleep" library="BuiltIn">
<arg>1s</arg>
<doc>Pauses the test executed for the given time.</doc>
<msg timestamp="20220420 11:14:03.265" level="INFO">Slept 1 second</msg>
<status status="PASS" starttime="20220420 11:14:02.250" endtime="20220420 11:14:03.265"/>
</kw>
<kw name="Test user address">
<kw name="Input Text" library="SeleniumLibrary">
<arg>name:add</arg>
<arg>Hosur</arg>
<doc>Types the given ``text`` into the text field identified by ``locator``.</doc>
<msg timestamp="20220420 11:14:03.267" level="INFO">Typing text 'Hosur' into text field 'name:add'.</msg>
<status status="PASS" starttime="20220420 11:14:03.267" endtime="20220420 11:14:03.516"/>
</kw>
<status status="PASS" starttime="20220420 11:14:03.266" endtime="20220420 11:14:03.516"/>
</kw>
<kw name="Sleep" library="BuiltIn">
<arg>1s</arg>
<doc>Pauses the test executed for the given time.</doc>
<msg timestamp="20220420 11:14:04.539" level="INFO">Slept 1 second</msg>
<status status="PASS" starttime="20220420 11:14:03.523" endtime="20220420 11:14:04.539"/>
</kw>
<kw name="Test email">
<kw name="Input Text" library="SeleniumLibrary">
<arg>name:email</arg>
<arg>3dhanushkccd@gmail.com</arg>
<doc>Types the given ``text`` into the text field identified by ``locator``.</doc>
<msg timestamp="20220420 11:14:04.542" level="INFO">Typing text '3dhanushkccd@gmail.com' into text field 'name:email'.</msg>
<status status="PASS" starttime="20220420 11:14:04.541" endtime="20220420 11:14:04.979"/>
</kw>
<status status="PASS" starttime="20220420 11:14:04.540" endtime="20220420 11:14:04.979"/>
</kw>
<kw name="Sleep" library="BuiltIn">
<arg>1s</arg>
<doc>Pauses the test executed for the given time.</doc>
<msg timestamp="20220420 11:14:06.003" level="INFO">Slept 1 second</msg>
<status status="PASS" starttime="20220420 11:14:04.989" endtime="20220420 11:14:06.003"/>
</kw>
<kw name="Test phone">
<kw name="Input Text" library="SeleniumLibrary">
<arg>name:pno</arg>
<arg>9361428388</arg>
<doc>Types the given ``text`` into the text field identified by ``locator``.</doc>
<msg timestamp="20220420 11:14:06.007" level="INFO">Typing text '9361428388' into text field 'name:pno'.</msg>
<status status="PASS" starttime="20220420 11:14:06.005" endtime="20220420 11:14:06.440"/>
</kw>
<status status="PASS" starttime="20220420 11:14:06.005" endtime="20220420 11:14:06.440"/>
</kw>
<kw name="Sleep" library="BuiltIn">
<arg>1s</arg>
<doc>Pauses the test executed for the given time.</doc>
<msg timestamp="20220420 11:14:07.456" level="INFO">Slept 1 second</msg>
<status status="PASS" starttime="20220420 11:14:06.443" endtime="20220420 11:14:07.456"/>
</kw>
<kw name="Test password">
<kw name="Input Text" library="SeleniumLibrary">
<arg>name:pass</arg>
<arg>12345</arg>
<doc>Types the given ``text`` into the text field identified by ``locator``.</doc>
<msg timestamp="20220420 11:14:07.459" level="INFO">Typing text '12345' into text field 'name:pass'.</msg>
<status status="PASS" starttime="20220420 11:14:07.458" endtime="20220420 11:14:07.763"/>
</kw>
<status status="PASS" starttime="20220420 11:14:07.458" endtime="20220420 11:14:07.764"/>
</kw>
<kw name="Sleep" library="BuiltIn">
<arg>1s</arg>
<doc>Pauses the test executed for the given time.</doc>
<msg timestamp="20220420 11:14:08.787" level="INFO">Slept 1 second</msg>
<status status="PASS" starttime="20220420 11:14:07.773" endtime="20220420 11:14:08.787"/>
</kw>
<kw name="Click Button" library="SeleniumLibrary">
<arg>Xpath:/html/body/section/div/div/div/div/div/div[2]/div/form/center/button</arg>
<doc>Clicks the button identified by ``locator``.</doc>
<msg timestamp="20220420 11:14:08.799" level="INFO">Clicking button 'Xpath:/html/body/section/div/div/div/div/div/div[2]/div/form/center/button'.</msg>
<status status="PASS" starttime="20220420 11:14:08.798" endtime="20220420 11:14:10.046"/>
</kw>
<kw name="Sleep" library="BuiltIn">
<arg>4s</arg>
<doc>Pauses the test executed for the given time.</doc>
<msg timestamp="20220420 11:14:14.065" level="INFO">Slept 4 seconds</msg>
<status status="PASS" starttime="20220420 11:14:10.061" endtime="20220420 11:14:14.065"/>
</kw>
<kw name="Close Browser" library="SeleniumLibrary">
<doc>Closes the current browser.</doc>
<status status="PASS" starttime="20220420 11:14:14.066" endtime="20220420 11:14:18.360"/>
</kw>
<doc>these is for user registration test</doc>
<tag>User</tag>
<status status="PASS" starttime="20220420 11:13:32.245" endtime="20220420 11:14:18.361"/>
</test>
<test id="s1-t2" name="Test User Login" line="38">
<kw name="Open Browser" library="SeleniumLibrary">
<arg>${web_url}</arg>
<arg>chrome</arg>
<doc>Opens a new browser instance to the optional ``url``.</doc>
<msg timestamp="20220420 11:14:18.366" level="INFO">Opening browser 'chrome' to base url 'http://127.0.0.1:5000'.</msg>
<status status="PASS" starttime="20220420 11:14:18.365" endtime="20220420 11:14:30.472"/>
</kw>
<kw name="Maximize Browser Window" library="SeleniumLibrary">
<doc>Maximizes current browser window.</doc>
<status status="PASS" starttime="20220420 11:14:30.537" endtime="20220420 11:14:31.025"/>
</kw>
<kw name="Sleep" library="BuiltIn">
<arg>1s</arg>
<doc>Pauses the test executed for the given time.</doc>
<msg timestamp="20220420 11:14:32.095" level="INFO">Slept 1 second</msg>
<status status="PASS" starttime="20220420 11:14:31.088" endtime="20220420 11:14:32.096"/>
</kw>
<kw name="Test email">
<kw name="Input Text" library="SeleniumLibrary">
<arg>name:email</arg>
<arg>3dhanushkccd@gmail.com</arg>
<doc>Types the given ``text`` into the text field identified by ``locator``.</doc>
<msg timestamp="20220420 11:14:32.098" level="INFO">Typing text '3dhanushkccd@gmail.com' into text field 'name:email'.</msg>
<status status="PASS" starttime="20220420 11:14:32.097" endtime="20220420 11:14:32.758"/>
</kw>
<status status="PASS" starttime="20220420 11:14:32.097" endtime="20220420 11:14:32.758"/>
</kw>
<kw name="Test password">
<kw name="Input Text" library="SeleniumLibrary">
<arg>name:pass</arg>
<arg>12345</arg>
<doc>Types the given ``text`` into the text field identified by ``locator``.</doc>
<msg timestamp="20220420 11:14:32.769" level="INFO">Typing text '12345' into text field 'name:pass'.</msg>
<status status="PASS" starttime="20220420 11:14:32.768" endtime="20220420 11:14:33.203"/>
</kw>
<status status="PASS" starttime="20220420 11:14:32.768" endtime="20220420 11:14:33.204"/>
</kw>
<kw name="Click Button" library="SeleniumLibrary">
<arg>Xpath:/html/body/section/div/div/div[2]/div[3]/div/form/div/button</arg>
<doc>Clicks the button identified by ``locator``.</doc>
<msg timestamp="20220420 11:14:33.206" level="INFO">Clicking button 'Xpath:/html/body/section/div/div/div[2]/div[3]/div/form/div/button'.</msg>
<status status="PASS" starttime="20220420 11:14:33.206" endtime="20220420 11:14:41.608"/>
</kw>
<kw name="Sleep" library="BuiltIn">
<arg>2s</arg>
<doc>Pauses the test executed for the given time.</doc>
<msg timestamp="20220420 11:14:43.630" level="INFO">Slept 2 seconds</msg>
<status status="PASS" starttime="20220420 11:14:41.619" endtime="20220420 11:14:43.630"/>
</kw>
<kw name="Close Browser" library="SeleniumLibrary">
<doc>Closes the current browser.</doc>
<status status="PASS" starttime="20220420 11:14:43.631" endtime="20220420 11:14:47.441"/>
</kw>
<doc>these page for user login</doc>
<tag>user</tag>
<status status="PASS" starttime="20220420 11:14:18.363" endtime="20220420 11:14:47.445"/>
</test>
<test id="s1-t3" name="Seller Registration Test" line="52">
<kw name="Open Browser" library="SeleniumLibrary">
<arg>${web_url}</arg>
<arg>chrome</arg>
<doc>Opens a new browser instance to the optional ``url``.</doc>
<msg timestamp="20220420 11:14:47.461" level="INFO">Opening browser 'chrome' to base url 'http://127.0.0.1:5000'.</msg>
<status status="PASS" starttime="20220420 11:14:47.454" endtime="20220420 11:15:02.379"/>
</kw>
<kw name="Maximize Browser Window" library="SeleniumLibrary">
<doc>Maximizes current browser window.</doc>
<status status="PASS" starttime="20220420 11:15:02.424" endtime="20220420 11:15:02.806"/>
</kw>
<kw name="Sleep" library="BuiltIn">
<arg>1s</arg>
<doc>Pauses the test executed for the given time.</doc>
<msg timestamp="20220420 11:15:03.951" level="INFO">Slept 1 second</msg>
<status status="PASS" starttime="20220420 11:15:02.947" endtime="20220420 11:15:03.951"/>
</kw>
<kw name="Click Element" library="SeleniumLibrary">
<arg>Xpath:/html/body/nav/div/div/ul/li[2]/a</arg>
<doc>Click the element identified by ``locator``.</doc>
<msg timestamp="20220420 11:15:03.956" level="INFO">Clicking element 'Xpath:/html/body/nav/div/div/ul/li[2]/a'.</msg>
<status status="PASS" starttime="20220420 11:15:03.956" endtime="20220420 11:15:05.732"/>
</kw>
<kw name="Sleep" library="BuiltIn">
<arg>1s</arg>
<doc>Pauses the test executed for the given time.</doc>
<msg timestamp="20220420 11:15:06.757" level="INFO">Slept 1 second</msg>
<status status="PASS" starttime="20220420 11:15:05.743" endtime="20220420 11:15:06.757"/>
</kw>
<kw name="Click Link" library="SeleniumLibrary">
<arg>Xpath:/html/body/section/div/div/div/div/div[3]/div/div[2]/div/form/p/a</arg>
<doc>Clicks a link identified by ``locator``.</doc>
<msg timestamp="20220420 11:15:06.758" level="INFO">Clicking link 'Xpath:/html/body/section/div/div/div/div/div[3]/div/div[2]/div/form/p/a'.</msg>
<status status="PASS" starttime="20220420 11:15:06.758" endtime="20220420 11:15:08.081"/>
</kw>
<kw name="Sleep" library="BuiltIn">
<arg>1s</arg>
<doc>Pauses the test executed for the given time.</doc>
<msg timestamp="20220420 11:15:09.128" level="INFO">Slept 1 second</msg>
<status status="PASS" starttime="20220420 11:15:08.125" endtime="20220420 11:15:09.128"/>
</kw>
<kw name="Test name">
<kw name="Input Text" library="SeleniumLibrary">
<arg>name:name</arg>
<arg>Dhanush</arg>
<doc>Types the given ``text`` into the text field identified by ``locator``.</doc>
<msg timestamp="20220420 11:15:09.142" level="INFO">Typing text 'Dhanush' into text field 'name:name'.</msg>
<status status="PASS" starttime="20220420 11:15:09.138" endtime="20220420 11:15:10.645"/>
</kw>
<status status="PASS" starttime="20220420 11:15:09.137" endtime="20220420 11:15:10.645"/>
</kw>
<kw name="Test phone">
<kw name="Input Text" library="SeleniumLibrary">
<arg>name:pno</arg>
<arg>9361428388</arg>
<doc>Types the given ``text`` into the text field identified by ``locator``.</doc>
<msg timestamp="20220420 11:15:10.648" level="INFO">Typing text '9361428388' into text field 'name:pno'.</msg>
<status status="PASS" starttime="20220420 11:15:10.647" endtime="20220420 11:15:12.207"/>
</kw>
<status status="PASS" starttime="20220420 11:15:10.646" endtime="20220420 11:15:12.208"/>
</kw>
<kw name="Test email">
<kw name="Input Text" library="SeleniumLibrary">
<arg>name:email</arg>
<arg>3dhanushkccd@gmail.com</arg>
<doc>Types the given ``text`` into the text field identified by ``locator``.</doc>
<msg timestamp="20220420 11:15:12.212" level="INFO">Typing text '3dhanushkccd@gmail.com' into text field 'name:email'.</msg>
<status status="PASS" starttime="20220420 11:15:12.211" endtime="20220420 11:15:12.664"/>
</kw>
<status status="PASS" starttime="20220420 11:15:12.210" endtime="20220420 11:15:12.665"/>
</kw>
<kw name="Test password">
<kw name="Input Text" library="SeleniumLibrary">
<arg>name:pass</arg>
<arg>12345</arg>
<doc>Types the given ``text`` into the text field identified by ``locator``.</doc>
<msg timestamp="20220420 11:15:12.668" level="INFO">Typing text '12345' into text field 'name:pass'.</msg>
<status status="PASS" starttime="20220420 11:15:12.667" endtime="20220420 11:15:12.947"/>
</kw>
<status status="PASS" starttime="20220420 11:15:12.666" endtime="20220420 11:15:12.948"/>
</kw>
<kw name="Test seller Account">
<kw name="Input Text" library="SeleniumLibrary">
<arg>name:ano</arg>
<arg>08690100045</arg>
<doc>Types the given ``text`` into the text field identified by ``locator``.</doc>
<msg timestamp="20220420 11:15:12.999" level="INFO">Typing text '08690100045' into text field 'name:ano'.</msg>
<status status="PASS" starttime="20220420 11:15:12.999" endtime="20220420 11:15:13.406"/>
</kw>
<status status="PASS" starttime="20220420 11:15:12.997" endtime="20220420 11:15:13.406"/>
</kw>
<kw name="Test IFSC">
<kw name="Input Text" library="SeleniumLibrary">
<arg>name:ifsc</arg>
<arg>iob435</arg>
<doc>Types the given ``text`` into the text field identified by ``locator``.</doc>
<msg timestamp="20220420 11:15:13.410" level="INFO">Typing text 'iob435' into text field 'name:ifsc'.</msg>
<status status="PASS" starttime="20220420 11:15:13.408" endtime="20220420 11:15:14.288"/>
</kw>
<status status="PASS" starttime="20220420 11:15:13.407" endtime="20220420 11:15:14.289"/>
</kw>
<kw name="Execute Javascript" library="SeleniumLibrary">
<arg>window.scrollTo(0,300)</arg>
<doc>Executes the given JavaScript code with possible arguments.</doc>
<msg timestamp="20220420 11:15:14.300" level="INFO">Executing JavaScript:
window.scrollTo(0,300)
Without any arguments.</msg>
<status status="PASS" starttime="20220420 11:15:14.298" endtime="20220420 11:15:14.734"/>
</kw>
<kw name="Sleep" library="BuiltIn">
<arg>2s</arg>
<doc>Pauses the test executed for the given time.</doc>
<msg timestamp="20220420 11:15:16.745" level="INFO">Slept 2 seconds</msg>
<status status="PASS" starttime="20220420 11:15:14.734" endtime="20220420 11:15:16.745"/>
</kw>
<kw name="Click Button" library="SeleniumLibrary">
<arg>Xpath:/html/body/section/div/div/div/div/div/div/form/div[7]/center/button</arg>
<doc>Clicks the button identified by ``locator``.</doc>
<msg timestamp="20220420 11:15:16.746" level="INFO">Clicking button 'Xpath:/html/body/section/div/div/div/div/div/div/form/div[7]/center/button'.</msg>
<status status="PASS" starttime="20220420 11:15:16.746" endtime="20220420 11:15:18.565"/>
</kw>
<kw name="Sleep" library="BuiltIn">
<arg>2s</arg>
<doc>Pauses the test executed for the given time.</doc>
<msg timestamp="20220420 11:15:20.578" level="INFO">Slept 2 seconds</msg>
<status status="PASS" starttime="20220420 11:15:18.566" endtime="20220420 11:15:20.578"/>
</kw>
<kw name="Close Browser" library="SeleniumLibrary">
<doc>Closes the current browser.</doc>
<status status="PASS" starttime="20220420 11:15:20.579" endtime="20220420 11:15:25.927"/>
</kw>
<doc>these is for seller registration</doc>
<tag>seller</tag>
<status status="PASS" starttime="20220420 11:14:47.449" endtime="20220420 11:15:25.928"/>
</test>
<test id="s1-t4" name="Seller login Test" line="74">
<kw name="Open Browser" library="SeleniumLibrary">
<arg>${web_url}</arg>
<arg>chrome</arg>
<doc>Opens a new browser instance to the optional ``url``.</doc>
<msg timestamp="20220420 11:15:25.933" level="INFO">Opening browser 'chrome' to base url 'http://127.0.0.1:5000'.</msg>
<status status="PASS" starttime="20220420 11:15:25.932" endtime="20220420 11:15:42.802"/>
</kw>
<kw name="Maximize Browser Window" library="SeleniumLibrary">
<doc>Maximizes current browser window.</doc>
<status status="PASS" starttime="20220420 11:15:42.859" endtime="20220420 11:15:43.234"/>
</kw>
<kw name="Sleep" library="BuiltIn">
<arg>1s</arg>
<doc>Pauses the test executed for the given time.</doc>
<msg timestamp="20220420 11:15:44.273" level="INFO">Slept 1 second</msg>
<status status="PASS" starttime="20220420 11:15:43.272" endtime="20220420 11:15:44.273"/>
</kw>
<kw name="Click Element" library="SeleniumLibrary">
<arg>Xpath:/html/body/nav/div/div/ul/li[2]/a</arg>
<doc>Click the element identified by ``locator``.</doc>
<msg timestamp="20220420 11:15:44.274" level="INFO">Clicking element 'Xpath:/html/body/nav/div/div/ul/li[2]/a'.</msg>
<status status="PASS" starttime="20220420 11:15:44.274" endtime="20220420 11:15:46.089"/>
</kw>
<kw name="Sleep" library="BuiltIn">
<arg>1s</arg>
<doc>Pauses the test executed for the given time.</doc>
<msg timestamp="20220420 11:15:47.109" level="INFO">Slept 1 second</msg>
<status status="PASS" starttime="20220420 11:15:46.099" endtime="20220420 11:15:47.109"/>
</kw>
<kw name="Test email">
<kw name="Input Text" library="SeleniumLibrary">
<arg>name:email</arg>
<arg>3dhanushkccd@gmail.com</arg>
<doc>Types the given ``text`` into the text field identified by ``locator``.</doc>
<msg timestamp="20220420 11:15:47.111" level="INFO">Typing text '3dhanushkccd@gmail.com' into text field 'name:email'.</msg>
<status status="PASS" starttime="20220420 11:15:47.110" endtime="20220420 11:15:47.612"/>
</kw>
<status status="PASS" starttime="20220420 11:15:47.110" endtime="20220420 11:15:47.612"/>
</kw>
<kw name="Test password">
<kw name="Input Text" library="SeleniumLibrary">
<arg>name:pass</arg>
<arg>12345</arg>
<doc>Types the given ``text`` into the text field identified by ``locator``.</doc>
<msg timestamp="20220420 11:15:47.618" level="INFO">Typing text '12345' into text field 'name:pass'.</msg>
<status status="PASS" starttime="20220420 11:15:47.617" endtime="20220420 11:15:47.896"/>
</kw>
<status status="PASS" starttime="20220420 11:15:47.615" endtime="20220420 11:15:47.897"/>
</kw>
<kw name="Sleep" library="BuiltIn">
<arg>1s</arg>
<doc>Pauses the test executed for the given time.</doc>
<msg timestamp="20220420 11:15:48.919" level="INFO">Slept 1 second</msg>
<status status="PASS" starttime="20220420 11:15:47.910" endtime="20220420 11:15:48.919"/>
</kw>
<kw name="Click Button" library="SeleniumLibrary">
<arg>Xpath:/html/body/section/div/div/div/div/div[3]/div/div[2]/div/form/div[4]/button</arg>
<doc>Clicks the button identified by ``locator``.</doc>
<msg timestamp="20220420 11:15:48.920" level="INFO">Clicking button 'Xpath:/html/body/section/div/div/div/div/div[3]/div/div[2]/div/form/div[4]/button'.</msg>
<status status="PASS" starttime="20220420 11:15:48.920" endtime="20220420 11:15:52.068"/>
</kw>
<kw name="Sleep" library="BuiltIn">
<arg>2s</arg>
<doc>Pauses the test executed for the given time.</doc>
<msg timestamp="20220420 11:15:54.083" level="INFO">Slept 2 seconds</msg>
<status status="PASS" starttime="20220420 11:15:52.069" endtime="20220420 11:15:54.083"/>
</kw>
<doc>these is for seller login</doc>
<tag>seller</tag>
<status status="PASS" starttime="20220420 11:15:25.930" endtime="20220420 11:15:54.084"/>
</test>
<test id="s1-t5" name="Add product Test" line="88">
<kw name="Test Product name">
<kw name="Input Text" library="SeleniumLibrary">
<arg>name:name</arg>
<arg>OnePlus mobile</arg>
<doc>Types the given ``text`` into the text field identified by ``locator``.</doc>
<msg timestamp="20220420 11:15:54.090" level="INFO">Typing text 'OnePlus mobile' into text field 'name:name'.</msg>
<status status="PASS" starttime="20220420 11:15:54.089" endtime="20220420 11:15:54.544"/>
</kw>
<status status="PASS" starttime="20220420 11:15:54.088" endtime="20220420 11:15:54.544"/>
</kw>
<kw name="Click Element" library="SeleniumLibrary">
<arg>name:cat</arg>
<doc>Click the element identified by ``locator``.</doc>
<msg timestamp="20220420 11:15:54.546" level="INFO">Clicking element 'name:cat'.</msg>
<status status="PASS" starttime="20220420 11:15:54.545" endtime="20220420 11:15:54.889"/>
</kw>
<kw name="Click Element" library="SeleniumLibrary">
<arg>Xpath:/html/body/div/div/div[2]/form/table/tbody/tr[2]/td[2]/div/select/option[2]</arg>
<doc>Click the element identified by ``locator``.</doc>
<msg timestamp="20220420 11:15:54.903" level="INFO">Clicking element 'Xpath:/html/body/div/div/div[2]/form/table/tbody/tr[2]/td[2]/div/select/option[2]'.</msg>
<status status="PASS" starttime="20220420 11:15:54.902" endtime="20220420 11:15:55.139"/>
</kw>
<kw name="Test Product price">
<kw name="Input Text" library="SeleniumLibrary">
<arg>name:price</arg>
<arg>14999</arg>
<doc>Types the given ``text`` into the text field identified by ``locator``.</doc>
<msg timestamp="20220420 11:15:55.143" level="INFO">Typing text '14999' into text field 'name:price'.</msg>
<status status="PASS" starttime="20220420 11:15:55.143" endtime="20220420 11:15:55.434"/>
</kw>
<status status="PASS" starttime="20220420 11:15:55.142" endtime="20220420 11:15:55.435"/>
</kw>
<kw name="Test Product Features">
<kw name="Input Text" library="SeleniumLibrary">
<arg>name:fea</arg>
<arg>Full HD Display and Gorilla glass 6 production</arg>
<doc>Types the given ``text`` into the text field identified by ``locator``.</doc>
<msg timestamp="20220420 11:15:55.447" level="INFO">Typing text 'Full HD Display and Gorilla glass 6 production' into text field 'name:fea'.</msg>
<status status="PASS" starttime="20220420 11:15:55.446" endtime="20220420 11:15:56.036"/>
</kw>
<status status="PASS" starttime="20220420 11:15:55.445" endtime="20220420 11:15:56.037"/>
</kw>
<kw name="Execute Javascript" library="SeleniumLibrary">
<arg>window.scrollTo(0,600)</arg>
<doc>Executes the given JavaScript code with possible arguments.</doc>
<msg timestamp="20220420 11:15:56.040" level="INFO">Executing JavaScript:
window.scrollTo(0,600)
Without any arguments.</msg>
<status status="PASS" starttime="20220420 11:15:56.038" endtime="20220420 11:15:56.064"/>
</kw>
<kw name="Choose File" library="SeleniumLibrary">
<arg>name:image</arg>
<arg>C:/Users/ELCOT/PycharmProjects/Ecommerce-Application-Project/static/ui/oneplus.jpg</arg>
<doc>Inputs the ``file_path`` into the file input field ``locator``.</doc>
<msg timestamp="20220420 11:15:56.083" level="INFO">Sending C:\Users\ELCOT\PycharmProjects\Ecommerce-Application-Project\static\ui\oneplus.jpg to browser.</msg>
<status status="PASS" starttime="20220420 11:15:56.081" endtime="20220420 11:15:56.594"/>
</kw>
<kw name="Sleep" library="BuiltIn">
<arg>2s</arg>
<doc>Pauses the test executed for the given time.</doc>
<msg timestamp="20220420 11:15:58.599" level="INFO">Slept 2 seconds</msg>
<status status="PASS" starttime="20220420 11:15:56.596" endtime="20220420 11:15:58.599"/>
</kw>
<kw name="Click Button" library="SeleniumLibrary">
<arg>Xpath:/html/body/div/div/div[2]/form/center/button</arg>
<doc>Clicks the button identified by ``locator``.</doc>
<msg timestamp="20220420 11:15:58.600" level="INFO">Clicking button 'Xpath:/html/body/div/div/div[2]/form/center/button'.</msg>
<status status="PASS" starttime="20220420 11:15:58.600" endtime="20220420 11:16:02.516"/>
</kw>
<kw name="Sleep" library="BuiltIn">
<arg>2s</arg>
<doc>Pauses the test executed for the given time.</doc>
<msg timestamp="20220420 11:16:04.575" level="INFO">Slept 2 seconds</msg>
<status status="PASS" starttime="20220420 11:16:02.561" endtime="20220420 11:16:04.575"/>
</kw>
<doc>this page for seller add the product</doc>
<tag>seller</tag>
<status status="PASS" starttime="20220420 11:15:54.087" endtime="20220420 11:16:04.575"/>
</test>
<test id="s1-t6" name="Delete product Test" line="103">
<kw name="Sleep" library="BuiltIn">
<arg>2s</arg>
<doc>Pauses the test executed for the given time.</doc>
<msg timestamp="20220420 11:16:06.584" level="INFO">Slept 2 seconds</msg>
<status status="PASS" starttime="20220420 11:16:04.578" endtime="20220420 11:16:06.584"/>
</kw>
<kw name="Click Element" library="SeleniumLibrary">
<arg>Xpath:/html/body/nav/div/div/ul/li[2]/a</arg>
<doc>Click the element identified by ``locator``.</doc>
<msg timestamp="20220420 11:16:06.586" level="INFO">Clicking element 'Xpath:/html/body/nav/div/div/ul/li[2]/a'.</msg>
<status status="PASS" starttime="20220420 11:16:06.585" endtime="20220420 11:16:07.803"/>
</kw>
<kw name="Test Delete Product">
<kw name="Input Text" library="SeleniumLibrary">
<arg>name:name</arg>
<arg>OnePlus mobile</arg>
<doc>Types the given ``text`` into the text field identified by ``locator``.</doc>
<msg timestamp="20220420 11:16:07.816" level="INFO">Typing text 'OnePlus mobile' into text field 'name:name'.</msg>
<status status="PASS" starttime="20220420 11:16:07.815" endtime="20220420 11:16:08.193"/>
</kw>
<status status="PASS" starttime="20220420 11:16:07.814" endtime="20220420 11:16:08.194"/>
</kw>
<kw name="Sleep" library="BuiltIn">
<arg>1s</arg>
<doc>Pauses the test executed for the given time.</doc>
<msg timestamp="20220420 11:16:09.209" level="INFO">Slept 1 second</msg>
<status status="PASS" starttime="20220420 11:16:08.196" endtime="20220420 11:16:09.209"/>
</kw>
<kw name="Click Button" library="SeleniumLibrary">
<arg>Xpath:/html/body/div/div/div[2]/form/center/button</arg>
<doc>Clicks the button identified by ``locator``.</doc>
<msg timestamp="20220420 11:16:09.211" level="INFO">Clicking button 'Xpath:/html/body/div/div/div[2]/form/center/button'.</msg>
<status status="PASS" starttime="20220420 11:16:09.210" endtime="20220420 11:16:09.506"/>
</kw>
<kw name="Sleep" library="BuiltIn">
<arg>1s</arg>
<doc>Pauses the test executed for the given time.</doc>
<msg timestamp="20220420 11:16:10.612" level="INFO">Slept 1 second</msg>
<status status="PASS" starttime="20220420 11:16:09.597" endtime="20220420 11:16:10.612"/>
</kw>
<kw name="Click Button" library="SeleniumLibrary">
<arg>Xpath:/html/body/div[1]/div/div[2]/form/div/div/div/div[3]/button[2]</arg>
<doc>Clicks the button identified by ``locator``.</doc>
<msg timestamp="20220420 11:16:10.622" level="INFO">Clicking button 'Xpath:/html/body/div[1]/div/div[2]/form/div/div/div/div[3]/button[2]'.</msg>
<status status="PASS" starttime="20220420 11:16:10.622" endtime="20220420 11:16:12.920"/>
</kw>
<kw name="Sleep" library="BuiltIn">
<arg>1s</arg>
<doc>Pauses the test executed for the given time.</doc>
<msg timestamp="20220420 11:16:13.938" level="INFO">Slept 1 second</msg>
<status status="PASS" starttime="20220420 11:16:12.930" endtime="20220420 11:16:13.938"/>
</kw>
<kw name="Click Element" library="SeleniumLibrary">
<arg>Xpath:/html/body/nav/div/div/ul/li[3]/a</arg>
<doc>Click the element identified by ``locator``.</doc>
<msg timestamp="20220420 11:16:13.942" level="INFO">Clicking element 'Xpath:/html/body/nav/div/div/ul/li[3]/a'.</msg>
<status status="PASS" starttime="20220420 11:16:13.941" endtime="20220420 11:16:14.773"/>
</kw>
<kw name="Close Browser" library="SeleniumLibrary">
<doc>Closes the current browser.</doc>
<status status="PASS" starttime="20220420 11:16:14.775" endtime="20220420 11:16:20.280"/>
</kw>
<doc>this page for seller delete the product</doc>
<tag>seller</tag>
<status status="PASS" starttime="20220420 11:16:04.576" endtime="20220420 11:16:20.288"/>
</test>
<test id="s1-t7" name="Buy Product Test" line="118">
<kw name="Open Browser" library="SeleniumLibrary">
<arg>${web_url}</arg>
<arg>chrome</arg>
<doc>Opens a new browser instance to the optional ``url``.</doc>
<msg timestamp="20220420 11:16:20.316" level="INFO">Opening browser 'chrome' to base url 'http://127.0.0.1:5000'.</msg>
<status status="PASS" starttime="20220420 11:16:20.313" endtime="20220420 11:16:33.767"/>
</kw>
<kw name="Maximize Browser Window" library="SeleniumLibrary">
<doc>Maximizes current browser window.</doc>
<status status="PASS" starttime="20220420 11:16:33.789" endtime="20220420 11:16:34.145"/>
</kw>
<kw name="Sleep" library="BuiltIn">
<arg>1s</arg>
<doc>Pauses the test executed for the given time.</doc>
<msg timestamp="20220420 11:16:35.167" level="INFO">Slept 1 second</msg>
<status status="PASS" starttime="20220420 11:16:34.150" endtime="20220420 11:16:35.167"/>
</kw>
<kw name="Test email">
<kw name="Input Text" library="SeleniumLibrary">
<arg>name:email</arg>
<arg>3dhanushkccd@gmail.com</arg>
<doc>Types the given ``text`` into the text field identified by ``locator``.</doc>
<msg timestamp="20220420 11:16:35.173" level="INFO">Typing text '3dhanushkccd@gmail.com' into text field 'name:email'.</msg>
<status status="PASS" starttime="20220420 11:16:35.173" endtime="20220420 11:16:36.053"/>
</kw>
<status status="PASS" starttime="20220420 11:16:35.171" endtime="20220420 11:16:36.054"/>
</kw>
<kw name="Test password">
<kw name="Input Text" library="SeleniumLibrary">
<arg>name:pass</arg>
<arg>12345</arg>
<doc>Types the given ``text`` into the text field identified by ``locator``.</doc>
<msg timestamp="20220420 11:16:36.062" level="INFO">Typing text '12345' into text field 'name:pass'.</msg>
<status status="PASS" starttime="20220420 11:16:36.061" endtime="20220420 11:16:36.535"/>
</kw>
<status status="PASS" starttime="20220420 11:16:36.060" endtime="20220420 11:16:36.536"/>
</kw>
<kw name="Click Button" library="SeleniumLibrary">
<arg>Xpath:/html/body/section/div/div/div[2]/div[3]/div/form/div/button</arg>
<doc>Clicks the button identified by ``locator``.</doc>
<msg timestamp="20220420 11:16:36.580" level="INFO">Clicking button 'Xpath:/html/body/section/div/div/div[2]/div[3]/div/form/div/button'.</msg>
<status status="PASS" starttime="20220420 11:16:36.578" endtime="20220420 11:16:44.957"/>
</kw>
<kw name="Sleep" library="BuiltIn">
<arg>1s</arg>
<doc>Pauses the test executed for the given time.</doc>
<msg timestamp="20220420 11:16:45.986" level="INFO">Slept 1 second</msg>
<status status="PASS" starttime="20220420 11:16:44.971" endtime="20220420 11:16:45.986"/>
</kw>
<kw name="Test Search Product">
<kw name="Input Text" library="SeleniumLibrary">
<arg>name:sea</arg>
<arg>OnePlus Nord CE 5G</arg>
<doc>Types the given ``text`` into the text field identified by ``locator``.</doc>
<msg timestamp="20220420 11:16:45.989" level="INFO">Typing text 'OnePlus Nord CE 5G' into text field 'name:sea'.</msg>
<status status="PASS" starttime="20220420 11:16:45.988" endtime="20220420 11:16:46.366"/>
</kw>
<status status="PASS" starttime="20220420 11:16:45.987" endtime="20220420 11:16:46.366"/>
</kw>
<kw name="Click Button" library="SeleniumLibrary">
<arg>Xpath:/html/body/nav/div/div/div/form/button</arg>
<doc>Clicks the button identified by ``locator``.</doc>
<msg timestamp="20220420 11:16:46.367" level="INFO">Clicking button 'Xpath:/html/body/nav/div/div/div/form/button'.</msg>
<status status="PASS" starttime="20220420 11:16:46.367" endtime="20220420 11:16:47.681"/>
</kw>
<kw name="Sleep" library="BuiltIn">
<arg>1s</arg>
<doc>Pauses the test executed for the given time.</doc>
<msg timestamp="20220420 11:16:48.696" level="INFO">Slept 1 second</msg>
<status status="PASS" starttime="20220420 11:16:47.684" endtime="20220420 11:16:48.696"/>
</kw>
<kw name="Execute Javascript" library="SeleniumLibrary">
<arg>window.scrollTo(0,800)</arg>
<doc>Executes the given JavaScript code with possible arguments.</doc>
<msg timestamp="20220420 11:16:48.697" level="INFO">Executing JavaScript:
window.scrollTo(0,800)
Without any arguments.</msg>
<status status="PASS" starttime="20220420 11:16:48.696" endtime="20220420 11:16:48.708"/>
</kw>
<kw name="Click Link" library="SeleniumLibrary">
<arg>Xpath:/html/body/div[3]/div/div/center/div/div[2]/a[2]</arg>
<doc>Clicks a link identified by ``locator``.</doc>
<msg timestamp="20220420 11:16:48.711" level="INFO">Clicking link 'Xpath:/html/body/div[3]/div/div/center/div/div[2]/a[2]'.</msg>
<status status="PASS" starttime="20220420 11:16:48.711" endtime="20220420 11:16:51.794"/>
</kw>
<kw name="Sleep" library="BuiltIn">
<arg>1s</arg>
<doc>Pauses the test executed for the given time.</doc>
<msg timestamp="20220420 11:16:52.818" level="INFO">Slept 1 second</msg>
<status status="PASS" starttime="20220420 11:16:51.815" endtime="20220420 11:16:52.818"/>
</kw>
<kw name="Execute Javascript" library="SeleniumLibrary">
<arg>window.scrollTo(0,500)</arg>
<doc>Executes the given JavaScript code with possible arguments.</doc>
<msg timestamp="20220420 11:16:52.820" level="INFO">Executing JavaScript:
window.scrollTo(0,500)
Without any arguments.</msg>
<status status="PASS" starttime="20220420 11:16:52.819" endtime="20220420 11:16:52.837"/>
</kw>
<kw name="Click Button" library="SeleniumLibrary">
<arg>Xpath:/html/body/div/div/div/center[2]/a/button</arg>
<doc>Clicks the button identified by ``locator``.</doc>
<msg timestamp="20220420 11:16:52.838" level="INFO">Clicking button 'Xpath:/html/body/div/div/div/center[2]/a/button'.</msg>
<status status="PASS" starttime="20220420 11:16:52.838" endtime="20220420 11:16:56.064"/>
</kw>
<kw name="Sleep" library="BuiltIn">
<arg>1s</arg>
<doc>Pauses the test executed for the given time.</doc>
<msg timestamp="20220420 11:16:57.072" level="INFO">Slept 1 second</msg>
<status status="PASS" starttime="20220420 11:16:56.070" endtime="20220420 11:16:57.072"/>
</kw>
<kw name="Close Browser" library="SeleniumLibrary">
<doc>Closes the current browser.</doc>
<status status="PASS" starttime="20220420 11:16:57.073" endtime="20220420 11:17:02.039"/>
</kw>
<doc>these is for buying the product test</doc>
<tag>user</tag>
<status status="PASS" starttime="20220420 11:16:20.292" endtime="20220420 11:17:02.116"/>
</test>
<test id="s1-t8" name="View order to Seller Test" line="140">
<kw name="Open Browser" library="SeleniumLibrary">
<arg>${web_url}</arg>
<arg>chrome</arg>
<doc>Opens a new browser instance to the optional ``url``.</doc>
<msg timestamp="20220420 11:17:02.123" level="INFO">Opening browser 'chrome' to base url 'http://127.0.0.1:5000'.</msg>
<status status="PASS" starttime="20220420 11:17:02.122" endtime="20220420 11:17:18.929"/>
</kw>
<kw name="Maximize Browser Window" library="SeleniumLibrary">
<doc>Maximizes current browser window.</doc>
<status status="PASS" starttime="20220420 11:17:18.966" endtime="20220420 11:17:19.416"/>
</kw>
<kw name="Sleep" library="BuiltIn">
<arg>1s</arg>
<doc>Pauses the test executed for the given time.</doc>
<msg timestamp="20220420 11:17:20.540" level="INFO">Slept 1 second</msg>
<status status="PASS" starttime="20220420 11:17:19.457" endtime="20220420 11:17:20.541"/>
</kw>
<kw name="Click Element" library="SeleniumLibrary">
<arg>Xpath:/html/body/nav/div/div/ul/li[2]/a</arg>
<doc>Click the element identified by ``locator``.</doc>
<msg timestamp="20220420 11:17:20.863" level="INFO">Clicking element 'Xpath:/html/body/nav/div/div/ul/li[2]/a'.</msg>
<status status="PASS" starttime="20220420 11:17:20.860" endtime="20220420 11:17:32.653"/>
</kw>
<kw name="Test email">
<kw name="Input Text" library="SeleniumLibrary">
<arg>name:email</arg>
<arg>3dhanushkccd@gmail.com</arg>
<doc>Types the given ``text`` into the text field identified by ``locator``.</doc>
<msg timestamp="20220420 11:17:32.773" level="INFO">Typing text '3dhanushkccd@gmail.com' into text field 'name:email'.</msg>
<status status="PASS" starttime="20220420 11:17:32.772" endtime="20220420 11:17:33.685"/>
</kw>
<status status="PASS" starttime="20220420 11:17:32.771" endtime="20220420 11:17:33.685"/>
</kw>
<kw name="Test password">
<kw name="Input Text" library="SeleniumLibrary">
<arg>name:pass</arg>
<arg>12345</arg>
<doc>Types the given ``text`` into the text field identified by ``locator``.</doc>
<msg timestamp="20220420 11:17:33.688" level="INFO">Typing text '12345' into text field 'name:pass'.</msg>
<status status="PASS" starttime="20220420 11:17:33.687" endtime="20220420 11:17:34.347"/>
</kw>
<status status="PASS" starttime="20220420 11:17:33.687" endtime="20220420 11:17:34.347"/>
</kw>
<kw name="Click Button" library="SeleniumLibrary">
<arg>Xpath:/html/body/section/div/div/div/div/div[3]/div/div[2]/div/form/div[4]/button</arg>
<doc>Clicks the button identified by ``locator``.</doc>
<msg timestamp="20220420 11:17:34.352" level="INFO">Clicking button 'Xpath:/html/body/section/div/div/div/div/div[3]/div/div[2]/div/form/div[4]/button'.</msg>
<status status="PASS" starttime="20220420 11:17:34.351" endtime="20220420 11:17:37.113"/>
</kw>
<kw name="Click Element" library="SeleniumLibrary">
<arg>Xpath:/html/body/nav/div/div/ul/li[4]/a</arg>
<doc>Click the element identified by ``locator``.</doc>
<msg timestamp="20220420 11:17:37.118" level="INFO">Clicking element 'Xpath:/html/body/nav/div/div/ul/li[4]/a'.</msg>
<status status="PASS" starttime="20220420 11:17:37.116" endtime="20220420 11:17:38.425"/>
</kw>
<kw name="Sleep" library="BuiltIn">
<arg>2s</arg>
<doc>Pauses the test executed for the given time.</doc>
<msg timestamp="20220420 11:17:40.438" level="INFO">Slept 2 seconds</msg>
<status status="PASS" starttime="20220420 11:17:38.429" endtime="20220420 11:17:40.438"/>
</kw>
<kw name="Click Element" library="SeleniumLibrary">
<arg>Xpath:/html/body/nav/div/div/div/div/a/img</arg>
<doc>Click the element identified by ``locator``.</doc>
<msg timestamp="20220420 11:17:40.439" level="INFO">Clicking element 'Xpath:/html/body/nav/div/div/div/div/a/img'.</msg>
<status status="PASS" starttime="20220420 11:17:40.439" endtime="20220420 11:17:40.623"/>
</kw>
<kw name="Click Element" library="SeleniumLibrary">
<arg>Xpath:/html/body/nav/div/div/div/div/ul/li[3]/a</arg>
<doc>Click the element identified by ``locator``.</doc>
<msg timestamp="20220420 11:17:40.637" level="INFO">Clicking element 'Xpath:/html/body/nav/div/div/div/div/ul/li[3]/a'.</msg>
<status status="PASS" starttime="20220420 11:17:40.636" endtime="20220420 11:17:42.128"/>
</kw>
<kw name="Sleep" library="BuiltIn">
<arg>1s</arg>
<doc>Pauses the test executed for the given time.</doc>
<msg timestamp="20220420 11:17:43.148" level="INFO">Slept 1 second</msg>
<status status="PASS" starttime="20220420 11:17:42.138" endtime="20220420 11:17:43.148"/>
</kw>
<kw name="Close Browser" library="SeleniumLibrary">
<doc>Closes the current browser.</doc>
<status status="PASS" starttime="20220420 11:17:43.148" endtime="20220420 11:17:46.133"/>
</kw>
<doc>these page for seller</doc>
<tag>seller</tag>
<status status="PASS" starttime="20220420 11:17:02.120" endtime="20220420 11:17:46.143"/>
</test>
<test id="s1-t9" name="Remove item in cart Test" line="158">
<kw name="Open Browser" library="SeleniumLibrary">
<arg>${web_url}</arg>
<arg>chrome</arg>
<doc>Opens a new browser instance to the optional ``url``.</doc>
<msg timestamp="20220420 11:17:46.160" level="INFO">Opening browser 'chrome' to base url 'http://127.0.0.1:5000'.</msg>
<status status="PASS" starttime="20220420 11:17:46.160" endtime="20220420 11:18:00.021"/>
</kw>
<kw name="Maximize Browser Window" library="SeleniumLibrary">
<doc>Maximizes current browser window.</doc>
<status status="PASS" starttime="20220420 11:18:00.045" endtime="20220420 11:18:00.521"/>
</kw>
<kw name="Sleep" library="BuiltIn">
<arg>1s</arg>
<doc>Pauses the test executed for the given time.</doc>
<msg timestamp="20220420 11:18:01.530" level="INFO">Slept 1 second</msg>
<status status="PASS" starttime="20220420 11:18:00.525" endtime="20220420 11:18:01.530"/>
</kw>
<kw name="Test user login">
<kw name="Click Element" library="SeleniumLibrary">
<arg>Xpath:/html/body/nav/div/div/ul/li[3]/a</arg>
<doc>Click the element identified by ``locator``.</doc>
<msg timestamp="20220420 11:18:01.534" level="INFO">Clicking element 'Xpath:/html/body/nav/div/div/ul/li[3]/a'.</msg>
<status status="PASS" starttime="20220420 11:18:01.533" endtime="20220420 11:18:05.303"/>
</kw>
<status status="PASS" starttime="20220420 11:18:01.533" endtime="20220420 11:18:05.304"/>
</kw>
<kw name="Sleep" library="BuiltIn">
<arg>1s</arg>
<doc>Pauses the test executed for the given time.</doc>
<msg timestamp="20220420 11:18:06.370" level="INFO">Slept 1 second</msg>
<status status="PASS" starttime="20220420 11:18:05.364" endtime="20220420 11:18:06.372"/>
</kw>
<kw name="Test email">
<kw name="Input Text" library="SeleniumLibrary">
<arg>name:email</arg>
<arg>3dhanushkccd@gmail.com</arg>
<doc>Types the given ``text`` into the text field identified by ``locator``.</doc>
<msg timestamp="20220420 11:18:06.374" level="INFO">Typing text '3dhanushkccd@gmail.com' into text field 'name:email'.</msg>
<status status="PASS" starttime="20220420 11:18:06.373" endtime="20220420 11:18:07.549"/>
</kw>
<status status="PASS" starttime="20220420 11:18:06.373" endtime="20220420 11:18:07.552"/>
</kw>
<kw name="Test password">
<kw name="Input Text" library="SeleniumLibrary">
<arg>name:pass</arg>
<arg>12345</arg>
<doc>Types the given ``text`` into the text field identified by ``locator``.</doc>
<msg timestamp="20220420 11:18:07.600" level="INFO">Typing text '12345' into text field 'name:pass'.</msg>
<status status="PASS" starttime="20220420 11:18:07.589" endtime="20220420 11:18:11.456"/>
</kw>
<status status="PASS" starttime="20220420 11:18:07.587" endtime="20220420 11:18:11.457"/>
</kw>
<kw name="Click Button" library="SeleniumLibrary">
<arg>Xpath:/html/body/section/div/div/div[2]/div[3]/div/form/div/button</arg>
<doc>Clicks the button identified by ``locator``.</doc>
<msg timestamp="20220420 11:18:11.636" level="INFO">Clicking button 'Xpath:/html/body/section/div/div/div[2]/div[3]/div/form/div/button'.</msg>
<status status="PASS" starttime="20220420 11:18:11.630" endtime="20220420 11:18:27.801"/>
</kw>
<kw name="Sleep" library="BuiltIn">
<arg>1s</arg>
<doc>Pauses the test executed for the given time.</doc>
<msg timestamp="20220420 11:18:28.807" level="INFO">Slept 1 second</msg>
<status status="PASS" starttime="20220420 11:18:27.803" endtime="20220420 11:18:28.807"/>
</kw>
<kw name="Test Search Product">
<kw name="Input Text" library="SeleniumLibrary">
<arg>name:sea</arg>
<arg>OnePlus Nord CE 5G</arg>
<doc>Types the given ``text`` into the text field identified by ``locator``.</doc>
<msg timestamp="20220420 11:18:28.809" level="INFO">Typing text 'OnePlus Nord CE 5G' into text field 'name:sea'.</msg>
<status status="PASS" starttime="20220420 11:18:28.809" endtime="20220420 11:18:29.463"/>
</kw>
<status status="PASS" starttime="20220420 11:18:28.808" endtime="20220420 11:18:29.463"/>
</kw>
<kw name="Click Button" library="SeleniumLibrary">
<arg>Xpath:/html/body/nav/div/div/div/form/button</arg>
<doc>Clicks the button identified by ``locator``.</doc>
<msg timestamp="20220420 11:18:29.465" level="INFO">Clicking button 'Xpath:/html/body/nav/div/div/div/form/button'.</msg>
<status status="PASS" starttime="20220420 11:18:29.464" endtime="20220420 11:18:31.160"/>
</kw>
<kw name="Sleep" library="BuiltIn">
<arg>1s</arg>
<doc>Pauses the test executed for the given time.</doc>
<msg timestamp="20220420 11:18:32.184" level="INFO">Slept 1 second</msg>
<status status="PASS" starttime="20220420 11:18:31.169" endtime="20220420 11:18:32.184"/>
</kw>
<kw name="Execute Javascript" library="SeleniumLibrary">
<arg>window.scrollTo(0,800)</arg>
<doc>Executes the given JavaScript code with possible arguments.</doc>
<msg timestamp="20220420 11:18:32.189" level="INFO">Executing JavaScript:
window.scrollTo(0,800)
Without any arguments.</msg>
<status status="PASS" starttime="20220420 11:18:32.186" endtime="20220420 11:18:32.200"/>
</kw>
<kw name="Click Link" library="SeleniumLibrary">
<arg>Xpath:/html/body/div[3]/div/div/center/div/div[2]/a[2]</arg>
<doc>Clicks a link identified by ``locator``.</doc>
<msg timestamp="20220420 11:18:32.202" level="INFO">Clicking link 'Xpath:/html/body/div[3]/div/div/center/div/div[2]/a[2]'.</msg>
<msg timestamp="20220420 11:18:33.929" level="INFO" html="true">&lt;/td&gt;&lt;/tr&gt;&lt;tr&gt;&lt;td colspan="3"&gt;&lt;a href="selenium-screenshot-1.png"&gt;&lt;img src="selenium-screenshot-1.png" width="800px"&gt;&lt;/a&gt;</msg>
<msg timestamp="20220420 11:18:33.932" level="FAIL">ElementClickInterceptedException: Message: element click intercepted: Element &lt;a href="/cart?id=93" class="btn btn-success"&gt;...&lt;/a&gt; is not clickable at point (352, 318). Other element would receive the click: &lt;body&gt;...&lt;/body&gt;
  (Session info: chrome=100.0.4896.88)
Stacktrace:
Backtrace:
	Ordinal0 [0x004C7413+2389011]
	Ordinal0 [0x00459F61+1941345]
	Ordinal0 [0x0034C658+837208]
	Ordinal0 [0x0037F8AF+1046703]
	Ordinal0 [0x0037D8D6+1038550]
	Ordinal0 [0x0037B5EB+1029611]
	Ordinal0 [0x0037A359+1024857]
	Ordinal0 [0x0036FF93+982931]
	Ordinal0 [0x0039414C+1130828]
	Ordinal0 [0x0036F974+981364]
	Ordinal0 [0x00394364+1131364]
	Ordinal0 [0x003A4302+1196802]
	Ordinal0 [0x00393F66+1130342]
	Ordinal0 [0x0036E546+976198]
	Ordinal0 [0x0036F456+980054]
	GetHandleVerifier [0x00679632+1727522]
	GetHandleVerifier [0x0072BA4D+2457661]
	GetHandleVerifier [0x0055EB81+569713]
	GetHandleVerifier [0x0055DD76+566118]
	Ordinal0 [0x00460B2B+1968939]
	Ordinal0 [0x00465988+1989000]
	Ordinal0 [0x00465A75+1989237]
	Ordinal0 [0x0046ECB1+2026673]
	BaseThreadInitThunk [0x7751FA29+25]
	RtlGetAppContainerNamedObjectPath [0x77E67A7E+286]
	RtlGetAppContainerNamedObjectPath [0x77E67A4E+238]
</msg>
<status status="FAIL" starttime="20220420 11:18:32.201" endtime="20220420 11:18:34.730"/>
</kw>
<kw name="Sleep" library="BuiltIn">
<arg>1s</arg>
<doc>Pauses the test executed for the given time.</doc>
<status status="NOT RUN" starttime="20220420 11:18:34.732" endtime="20220420 11:18:34.732"/>
</kw>
<kw name="Click Link" library="SeleniumLibrary">
<arg>Xpath:/html/body/div/div/div/form[1]/table/tbody/tr/td[4]/a[2]</arg>
<doc>Clicks a link identified by ``locator``.</doc>
<status status="NOT RUN" starttime="20220420 11:18:34.732" endtime="20220420 11:18:34.733"/>
</kw>
<kw name="Sleep" library="BuiltIn">
<arg>3s</arg>
<doc>Pauses the test executed for the given time.</doc>
<status status="NOT RUN" starttime="20220420 11:18:34.733" endtime="20220420 11:18:34.733"/>
</kw>
<kw name="Close Browser" library="SeleniumLibrary">
<doc>Closes the current browser.</doc>
<status status="NOT RUN" starttime="20220420 11:18:34.734" endtime="20220420 11:18:34.734"/>
</kw>
<doc>these is for remove the product test</doc>
<tag>user</tag>
<status status="FAIL" starttime="20220420 11:17:46.155" endtime="20220420 11:18:34.736">ElementClickInterceptedException: Message: element click intercepted: Element &lt;a href="/cart?id=93" class="btn btn-success"&gt;...&lt;/a&gt; is not clickable at point (352, 318). Other element would receive the click: &lt;body&gt;...&lt;/body&gt;
  (Session info: chrome=100.0.4896.88)
Stacktrace:
Backtrace:
	Ordinal0 [0x004C7413+2389011]
	Ordinal0 [0x00459F61+1941345]
	Ordinal0 [0x0034C658+837208]
	Ordinal0 [0x0037F8AF+1046703]
	Ordinal0 [0x0037D8D6+1038550]
	Ordinal0 [0x0037B5EB+1029611]
	Ordinal0 [0x0037A359+1024857]
	Ordinal0 [0x0036FF93+982931]
	Ordinal0 [0x0039414C+1130828]
	Ordinal0 [0x0036F974+981364]
	Ordinal0 [0x00394364+1131364]
	Ordinal0 [0x003A4302+1196802]
	Ordinal0 [0x00393F66+1130342]
	Ordinal0 [0x0036E546+976198]
	Ordinal0 [0x0036F456+980054]
	GetHandleVerifier [0x00679632+1727522]
	GetHandleVerifier [0x0072BA4D+2457661]
	GetHandleVerifier [0x0055EB81+569713]
	GetHandleVerifier [0x0055DD76+566118]
	Ordinal0 [0x00460B2B+1968939]
	Ordinal0 [0x00465988+1989000]
	Ordinal0 [0x00465A75+1989237]
	Ordinal0 [0x0046ECB1+2026673]
	BaseThreadInitThunk [0x7751FA29+25]
	RtlGetAppContainerNamedObjectPath [0x77E67A7E+286]
	RtlGetAppContainerNamedObjectPath [0x77E67A4E+238]
</status>
</test>
<test id="s1-t10" name="Category Select Test" line="181">
<kw name="Open Browser" library="SeleniumLibrary">
<arg>${web_url}</arg>
<arg>chrome</arg>
<doc>Opens a new browser instance to the optional ``url``.</doc>
<msg timestamp="20220420 11:18:34.745" level="INFO">Opening browser 'chrome' to base url 'http://127.0.0.1:5000'.</msg>
<status status="PASS" starttime="20220420 11:18:34.744" endtime="20220420 11:18:48.493"/>
</kw>
<kw name="Maximize Browser Window" library="SeleniumLibrary">
<doc>Maximizes current browser window.</doc>
<status status="PASS" starttime="20220420 11:18:48.620" endtime="20220420 11:18:49.093"/>
</kw>
<kw name="Sleep" library="BuiltIn">
<arg>1s</arg>
<doc>Pauses the test executed for the given time.</doc>
<msg timestamp="20220420 11:18:50.103" level="INFO">Slept 1 second</msg>
<status status="PASS" starttime="20220420 11:18:49.094" endtime="20220420 11:18:50.103"/>
</kw>
<kw name="Test email">
<kw name="Input Text" library="SeleniumLibrary">
<arg>name:email</arg>
<arg>3dhanushkccd@gmail.com</arg>
<doc>Types the given ``text`` into the text field identified by ``locator``.</doc>
<msg timestamp="20220420 11:18:50.105" level="INFO">Typing text '3dhanushkccd@gmail.com' into text field 'name:email'.</msg>
<status status="PASS" starttime="20220420 11:18:50.104" endtime="20220420 11:18:50.996"/>
</kw>
<status status="PASS" starttime="20220420 11:18:50.104" endtime="20220420 11:18:50.997"/>
</kw>
<kw name="Test password">
<kw name="Input Text" library="SeleniumLibrary">
<arg>name:pass</arg>
<arg>12345</arg>
<doc>Types the given ``text`` into the text field identified by ``locator``.</doc>
<msg timestamp="20220420 11:18:51.077" level="INFO">Typing text '12345' into text field 'name:pass'.</msg>
<status status="PASS" starttime="20220420 11:18:51.076" endtime="20220420 11:18:52.255"/>
</kw>
<status status="PASS" starttime="20220420 11:18:51.075" endtime="20220420 11:18:52.255"/>
</kw>
<kw name="Click Button" library="SeleniumLibrary">
<arg>Xpath:/html/body/section/div/div/div[2]/div[3]/div/form/div/button</arg>
<doc>Clicks the button identified by ``locator``.</doc>
<msg timestamp="20220420 11:18:52.275" level="INFO">Clicking button 'Xpath:/html/body/section/div/div/div[2]/div[3]/div/form/div/button'.</msg>
<status status="PASS" starttime="20220420 11:18:52.274" endtime="20220420 11:19:20.943"/>
</kw>
<kw name="Sleep" library="BuiltIn">
<arg>1s</arg>
<doc>Pauses the test executed for the given time.</doc>
<msg timestamp="20220420 11:19:21.956" level="INFO">Slept 1 second</msg>
<status status="PASS" starttime="20220420 11:19:20.948" endtime="20220420 11:19:21.956"/>
</kw>
<kw name="Click Element" library="SeleniumLibrary">
<arg>Xpath:/html/body/nav/div/div/ul/li/a</arg>
<doc>Click the element identified by ``locator``.</doc>
<msg timestamp="20220420 11:19:21.957" level="INFO">Clicking element 'Xpath:/html/body/nav/div/div/ul/li/a'.</msg>
<status status="PASS" starttime="20220420 11:19:21.957" endtime="20220420 11:19:22.109"/>
</kw>
<kw name="Sleep" library="BuiltIn">
<arg>2s</arg>
<doc>Pauses the test executed for the given time.</doc>
<msg timestamp="20220420 11:19:24.128" level="INFO">Slept 2 seconds</msg>
<status status="PASS" starttime="20220420 11:19:22.115" endtime="20220420 11:19:24.128"/>
</kw>
<kw name="Click Link" library="SeleniumLibrary">
<arg>Xpath:/html/body/nav/div/div/ul/li/ul/li[9]/a</arg>
<doc>Clicks a link identified by ``locator``.</doc>
<msg timestamp="20220420 11:19:24.131" level="INFO">Clicking link 'Xpath:/html/body/nav/div/div/ul/li/ul/li[9]/a'.</msg>
<status status="PASS" starttime="20220420 11:19:24.130" endtime="20220420 11:19:24.567"/>
</kw>
<kw name="Sleep" library="BuiltIn">
<arg>5s</arg>
<doc>Pauses the test executed for the given time.</doc>
<msg timestamp="20220420 11:19:29.579" level="INFO">Slept 5 seconds</msg>
<status status="PASS" starttime="20220420 11:19:24.568" endtime="20220420 11:19:29.579"/>
</kw>
<kw name="Close Browser" library="SeleniumLibrary">
<doc>Closes the current browser.</doc>
<status status="PASS" starttime="20220420 11:19:29.580" endtime="20220420 11:19:33.154"/>
</kw>
<doc>these is for category select test</doc>
<tag>user</tag>
<status status="PASS" starttime="20220420 11:18:34.743" endtime="20220420 11:19:33.753"/>
</test>
<test id="s1-t11" name="Test User details update and Logout" line="198">
<kw name="Open Browser" library="SeleniumLibrary">
<arg>${web_url}</arg>
<arg>chrome</arg>
<doc>Opens a new browser instance to the optional ``url``.</doc>
<msg timestamp="20220420 11:19:33.764" level="INFO">Opening browser 'chrome' to base url 'http://127.0.0.1:5000'.</msg>
<status status="PASS" starttime="20220420 11:19:33.763" endtime="20220420 11:19:48.053"/>
</kw>
<kw name="Maximize Browser Window" library="SeleniumLibrary">
<doc>Maximizes current browser window.</doc>
<status status="PASS" starttime="20220420 11:19:48.096" endtime="20220420 11:19:48.641"/>
</kw>
<kw name="Sleep" library="BuiltIn">
<arg>1s</arg>
<doc>Pauses the test executed for the given time.</doc>
<msg timestamp="20220420 11:19:49.668" level="INFO">Slept 1 second</msg>
<status status="PASS" starttime="20220420 11:19:48.666" endtime="20220420 11:19:49.668"/>
</kw>
<kw name="Test email">
<kw name="Input Text" library="SeleniumLibrary">
<arg>name:email</arg>
<arg>3dhanushkccd@gmail.com</arg>
<doc>Types the given ``text`` into the text field identified by ``locator``.</doc>
<msg timestamp="20220420 11:19:49.673" level="INFO">Typing text '3dhanushkccd@gmail.com' into text field 'name:email'.</msg>
<status status="PASS" starttime="20220420 11:19:49.670" endtime="20220420 11:19:50.412"/>
</kw>
<status status="PASS" starttime="20220420 11:19:49.669" endtime="20220420 11:19:50.412"/>
</kw>
<kw name="Test password">
<kw name="Input Text" library="SeleniumLibrary">
<arg>name:pass</arg>
<arg>12345</arg>
<doc>Types the given ``text`` into the text field identified by ``locator``.</doc>
<msg timestamp="20220420 11:19:50.436" level="INFO">Typing text '12345' into text field 'name:pass'.</msg>
<status status="PASS" starttime="20220420 11:19:50.436" endtime="20220420 11:19:50.838"/>
</kw>
<status status="PASS" starttime="20220420 11:19:50.435" endtime="20220420 11:19:50.838"/>
</kw>
<kw name="Click Button" library="SeleniumLibrary">
<arg>Xpath:/html/body/section/div/div/div[2]/div[3]/div/form/div/button</arg>
<doc>Clicks the button identified by ``locator``.</doc>
<msg timestamp="20220420 11:19:50.988" level="INFO">Clicking button 'Xpath:/html/body/section/div/div/div[2]/div[3]/div/form/div/button'.</msg>
<status status="PASS" starttime="20220420 11:19:50.988" endtime="20220420 11:20:00.570"/>
</kw>
<kw name="Sleep" library="BuiltIn">
<arg>1s</arg>
<doc>Pauses the test executed for the given time.</doc>
<msg timestamp="20220420 11:20:01.590" level="INFO">Slept 1 second</msg>
<status status="PASS" starttime="20220420 11:20:00.577" endtime="20220420 11:20:01.590"/>
</kw>
<kw name="Click Element" library="SeleniumLibrary">
<arg>Xpath:/html/body/nav/div/div/div/div/a/img</arg>
<doc>Click the element identified by ``locator``.</doc>
<msg timestamp="20220420 11:20:01.653" level="INFO">Clicking element 'Xpath:/html/body/nav/div/div/div/div/a/img'.</msg>
<status status="PASS" starttime="20220420 11:20:01.651" endtime="20220420 11:20:02.781"/>
</kw>
<kw name="Click Element" library="SeleniumLibrary">
<arg>Xpath:/html/body/nav/div/div/div/div/ul/li[1]/a</arg>
<doc>Click the element identified by ``locator``.</doc>
<msg timestamp="20220420 11:20:03.156" level="INFO">Clicking element 'Xpath:/html/body/nav/div/div/div/div/ul/li[1]/a'.</msg>
<status status="PASS" starttime="20220420 11:20:03.135" endtime="20220420 11:20:14.788"/>
</kw>
<kw name="Sleep" library="BuiltIn">
<arg>1s</arg>
<doc>Pauses the test executed for the given time.</doc>
<msg timestamp="20220420 11:20:15.806" level="INFO">Slept 1 second</msg>
<status status="PASS" starttime="20220420 11:20:14.791" endtime="20220420 11:20:15.806"/>
</kw>
<kw name="Input Text" library="SeleniumLibrary">
<arg>name:name</arg>
<arg>Sameer</arg>
<doc>Types the given ``text`` into the text field identified by ``locator``.</doc>
<msg timestamp="20220420 11:20:15.817" level="INFO">Typing text 'Sameer' into text field 'name:name'.</msg>
<status status="PASS" starttime="20220420 11:20:15.813" endtime="20220420 11:20:17.089"/>
</kw>
<kw name="Test user age">
<kw name="Input Text" library="SeleniumLibrary">
<arg>name:age</arg>
<arg>20</arg>
<doc>Types the given ``text`` into the text field identified by ``locator``.</doc>
<msg timestamp="20220420 11:20:17.097" level="INFO">Typing text '20' into text field 'name:age'.</msg>
<status status="PASS" starttime="20220420 11:20:17.096" endtime="20220420 11:20:17.357"/>
</kw>
<status status="PASS" starttime="20220420 11:20:17.092" endtime="20220420 11:20:17.358"/>
</kw>
<kw name="Test user gender">
<kw name="Click Element" library="SeleniumLibrary">
<arg>Xpath:/html/body/section/div/div/div/div/div/div[2]/div/form/table/tbody/tr[3]/td[2]/div/select</arg>
<doc>Click the element identified by ``locator``.</doc>
<msg timestamp="20220420 11:20:17.369" level="INFO">Clicking element 'Xpath:/html/body/section/div/div/div/div/div/div[2]/div/form/table/tbody/tr[3]/td[2]/div/select'.</msg>
<status status="PASS" starttime="20220420 11:20:17.369" endtime="20220420 11:20:17.934"/>
</kw>
<status status="PASS" starttime="20220420 11:20:17.367" endtime="20220420 11:20:17.935"/>
</kw>
<kw name="Test select">
<kw name="Click Element" library="SeleniumLibrary">
<arg>Xpath:/html/body/section/div/div/div/div/div/div[2]/div/form/table/tbody/tr[3]/td[2]/div/select/option[2]</arg>
<doc>Click the element identified by ``locator``.</doc>
<msg timestamp="20220420 11:20:17.940" level="INFO">Clicking element 'Xpath:/html/body/section/div/div/div/div/div/div[2]/div/form/table/tbody/tr[3]/td[2]/div/select/option[2]'.</msg>
<status status="PASS" starttime="20220420 11:20:17.939" endtime="20220420 11:20:18.091"/>
</kw>
<status status="PASS" starttime="20220420 11:20:17.938" endtime="20220420 11:20:18.091"/>
</kw>
<kw name="Test user address">
<kw name="Input Text" library="SeleniumLibrary">
<arg>name:add</arg>
<arg>Hosur</arg>
<doc>Types the given ``text`` into the text field identified by ``locator``.</doc>
<msg timestamp="20220420 11:20:18.095" level="INFO">Typing text 'Hosur' into text field 'name:add'.</msg>
<status status="PASS" starttime="20220420 11:20:18.094" endtime="20220420 11:20:18.448"/>
</kw>
<status status="PASS" starttime="20220420 11:20:18.093" endtime="20220420 11:20:18.449"/>
</kw>
<kw name="Test email">
<kw name="Input Text" library="SeleniumLibrary">
<arg>name:email</arg>
<arg>3dhanushkccd@gmail.com</arg>
<doc>Types the given ``text`` into the text field identified by ``locator``.</doc>
<msg timestamp="20220420 11:20:18.453" level="INFO">Typing text '3dhanushkccd@gmail.com' into text field 'name:email'.</msg>
<status status="PASS" starttime="20220420 11:20:18.453" endtime="20220420 11:20:19.055"/>
</kw>
<status status="PASS" starttime="20220420 11:20:18.452" endtime="20220420 11:20:19.055"/>
</kw>
<kw name="Execute Javascript" library="SeleniumLibrary">
<arg>window.scrollTo(0,500)</arg>
<doc>Executes the given JavaScript code with possible arguments.</doc>
<msg timestamp="20220420 11:20:19.067" level="INFO">Executing JavaScript:
window.scrollTo(0,500)
Without any arguments.</msg>
<status status="PASS" starttime="20220420 11:20:19.064" endtime="20220420 11:20:19.084"/>
</kw>
<kw name="Test phone">
<kw name="Input Text" library="SeleniumLibrary">
<arg>name:pno</arg>
<arg>9361428388</arg>
<doc>Types the given ``text`` into the text field identified by ``locator``.</doc>
<msg timestamp="20220420 11:20:19.089" level="INFO">Typing text '9361428388' into text field 'name:pno'.</msg>
<status status="PASS" starttime="20220420 11:20:19.088" endtime="20220420 11:20:20.087"/>
</kw>
<status status="PASS" starttime="20220420 11:20:19.087" endtime="20220420 11:20:20.088"/>
</kw>
<kw name="Test password">
<kw name="Input Text" library="SeleniumLibrary">
<arg>name:pass</arg>
<arg>12345</arg>
<doc>Types the given ``text`` into the text field identified by ``locator``.</doc>
<msg timestamp="20220420 11:20:20.116" level="INFO">Typing text '12345' into text field 'name:pass'.</msg>
<status status="PASS" starttime="20220420 11:20:20.115" endtime="20220420 11:20:20.482"/>
</kw>
<status status="PASS" starttime="20220420 11:20:20.114" endtime="20220420 11:20:20.483"/>
</kw>
<kw name="Click Button" library="SeleniumLibrary">
<arg>name:reg</arg>
<doc>Clicks the button identified by ``locator``.</doc>
<msg timestamp="20220420 11:20:20.486" level="INFO">Clicking button 'name:reg'.</msg>
<status status="PASS" starttime="20220420 11:20:20.485" endtime="20220420 11:20:27.722"/>
</kw>
<kw name="Sleep" library="BuiltIn">
<arg>1s</arg>
<doc>Pauses the test executed for the given time.</doc>
<msg timestamp="20220420 11:20:28.735" level="INFO">Slept 1 second</msg>
<status status="PASS" starttime="20220420 11:20:27.724" endtime="20220420 11:20:28.735"/>
</kw>
<kw name="Click Element" library="SeleniumLibrary">
<arg>Xpath:/html/body/nav/div/div/div/div/a/img</arg>
<doc>Click the element identified by ``locator``.</doc>
<msg timestamp="20220420 11:20:28.737" level="INFO">Clicking element 'Xpath:/html/body/nav/div/div/div/div/a/img'.</msg>
<status status="PASS" starttime="20220420 11:20:28.737" endtime="20220420 11:20:29.001"/>
</kw>
<kw name="Click Element" library="SeleniumLibrary">
<arg>Xpath:/html/body/nav/div/div/div/div/ul/li[3]/a</arg>
<doc>Click the element identified by ``locator``.</doc>
<msg timestamp="20220420 11:20:29.004" level="INFO">Clicking element 'Xpath:/html/body/nav/div/div/div/div/ul/li[3]/a'.</msg>
<status status="PASS" starttime="20220420 11:20:29.003" endtime="20220420 11:20:30.529"/>
</kw>
<kw name="Sleep" library="BuiltIn">
<arg>1s</arg>
<doc>Pauses the test executed for the given time.</doc>
<msg timestamp="20220420 11:20:31.555" level="INFO">Slept 1 second</msg>
<status status="PASS" starttime="20220420 11:20:30.542" endtime="20220420 11:20:31.555"/>
</kw>
<kw name="Close Browser" library="SeleniumLibrary">
<doc>Closes the current browser.</doc>
<status status="PASS" starttime="20220420 11:20:31.556" endtime="20220420 11:20:37.227"/>
</kw>
<doc>these is for update the userdetails and logout</doc>
<tag>user</tag>
<status status="PASS" starttime="20220420 11:19:33.760" endtime="20220420 11:20:37.231"/>
</test>
<test id="s1-t12" name="Relogin to check update test:" line="227">
<kw name="Open Browser" library="SeleniumLibrary">
<arg>${web_url}</arg>
<arg>chrome</arg>
<doc>Opens a new browser instance to the optional ``url``.</doc>
<msg timestamp="20220420 11:20:37.235" level="INFO">Opening browser 'chrome' to base url 'http://127.0.0.1:5000'.</msg>
<status status="PASS" starttime="20220420 11:20:37.234" endtime="20220420 11:20:50.651"/>
</kw>
<kw name="Maximize Browser Window" library="SeleniumLibrary">
<doc>Maximizes current browser window.</doc>
<status status="PASS" starttime="20220420 11:20:50.740" endtime="20220420 11:20:51.185"/>
</kw>
<kw name="Sleep" library="BuiltIn">
<arg>1s</arg>
<doc>Pauses the test executed for the given time.</doc>
<msg timestamp="20220420 11:20:52.210" level="INFO">Slept 1 second</msg>
<status status="PASS" starttime="20220420 11:20:51.192" endtime="20220420 11:20:52.212"/>
</kw>
<kw name="Test email">
<kw name="Input Text" library="SeleniumLibrary">
<arg>name:email</arg>
<arg>3dhanushkccd@gmail.com</arg>
<doc>Types the given ``text`` into the text field identified by ``locator``.</doc>
<msg timestamp="20220420 11:20:52.250" level="INFO">Typing text '3dhanushkccd@gmail.com' into text field 'name:email'.</msg>
<status status="PASS" starttime="20220420 11:20:52.248" endtime="20220420 11:20:57.019"/>
</kw>
<status status="PASS" starttime="20220420 11:20:52.242" endtime="20220420 11:20:57.020"/>
</kw>
<kw name="Test password">
<kw name="Input Text" library="SeleniumLibrary">
<arg>name:pass</arg>
<arg>12345</arg>
<doc>Types the given ``text`` into the text field identified by ``locator``.</doc>
<msg timestamp="20220420 11:20:57.036" level="INFO">Typing text '12345' into text field 'name:pass'.</msg>
<status status="PASS" starttime="20220420 11:20:57.035" endtime="20220420 11:20:58.819"/>
</kw>
<status status="PASS" starttime="20220420 11:20:57.032" endtime="20220420 11:20:58.820"/>
</kw>
<kw name="Click Button" library="SeleniumLibrary">
<arg>Xpath:/html/body/section/div/div/div[2]/div[3]/div/form/div/button</arg>
<doc>Clicks the button identified by ``locator``.</doc>
<msg timestamp="20220420 11:20:59.802" level="INFO">Clicking button 'Xpath:/html/body/section/div/div/div[2]/div[3]/div/form/div/button'.</msg>
<status status="PASS" starttime="20220420 11:20:59.791" endtime="20220420 11:21:14.920"/>
</kw>
<kw name="Sleep" library="BuiltIn">
<arg>1s</arg>
<doc>Pauses the test executed for the given time.</doc>
<msg timestamp="20220420 11:21:15.932" level="INFO">Slept 1 second</msg>
<status status="PASS" starttime="20220420 11:21:14.923" endtime="20220420 11:21:15.932"/>
</kw>
<kw name="Click Element" library="SeleniumLibrary">
<arg>Xpath:/html/body/nav/div/div/div/div/a/img</arg>
<doc>Click the element identified by ``locator``.</doc>
<msg timestamp="20220420 11:21:15.933" level="INFO">Clicking element 'Xpath:/html/body/nav/div/div/div/div/a/img'.</msg>
<status status="PASS" starttime="20220420 11:21:15.933" endtime="20220420 11:21:16.108"/>
</kw>
<kw name="Sleep" library="BuiltIn">
<arg>3s</arg>
<doc>Pauses the test executed for the given time.</doc>
<msg timestamp="20220420 11:21:19.124" level="INFO">Slept 3 seconds</msg>
<status status="PASS" starttime="20220420 11:21:16.109" endtime="20220420 11:21:19.124"/>
</kw>
<kw name="Click Element" library="SeleniumLibrary">
<arg>Xpath:/html/body/nav/div/div/div/div/ul/li[3]/a</arg>
<doc>Click the element identified by ``locator``.</doc>
<msg timestamp="20220420 11:21:19.128" level="INFO">Clicking element 'Xpath:/html/body/nav/div/div/div/div/ul/li[3]/a'.</msg>
<status status="PASS" starttime="20220420 11:21:19.127" endtime="20220420 11:21:21.006"/>
</kw>
<kw name="Sleep" library="BuiltIn">
<arg>1s</arg>
<doc>Pauses the test executed for the given time.</doc>
<msg timestamp="20220420 11:21:22.098" level="INFO">Slept 1 second</msg>
<status status="PASS" starttime="20220420 11:21:21.089" endtime="20220420 11:21:22.098"/>
</kw>
<kw name="Close Browser" library="SeleniumLibrary">
<doc>Closes the current browser.</doc>
<status status="PASS" starttime="20220420 11:21:22.100" endtime="20220420 11:21:29.504"/>
</kw>
<doc>these is for update check test</doc>
<tag>user</tag>
<status status="PASS" starttime="20220420 11:20:37.233" endtime="20220420 11:21:29.505"/>
</test>
<status status="FAIL" starttime="20220420 11:13:24.646" endtime="20220420 11:21:29.508"/>
</suite>
<statistics>
<total>
<stat pass="11" fail="1" skip="0">All Tests</stat>
</total>
<tag>
<stat pass="5" fail="0" skip="0">seller</stat>
<stat pass="6" fail="1" skip="0">User</stat>
</tag>
<suite>
<stat pass="11" fail="1" skip="0" id="s1" name="App">App</stat>
</suite>
</statistics>
<errors>
</errors>
</robot>
